;;; 
Export: Release 19.0.0.0.0 - Production on Tue Oct 15 12:11:47 2024
Version 19.3.0.0.0

Copyright (c) 1982, 2019, Oracle and/or its affiliates.  All rights reserved.
;;; 
Connected to: Oracle Database 19c Enterprise Edition Release 19.0.0.0.0 - Production
Starting "HAYA"."SYS_EXPORT_SCHEMA_01":  HAYA/********@BUSINESS_CARD schemas=HAYA dumpfile=BUSINESS_CARD_DUMP.dmp directory=P_DUMP 
Processing object type SCHEMA_EXPORT/TABLE/TABLE_DATA
Processing object type SCHEMA_EXPORT/TABLE/INDEX/STATISTICS/INDEX_STATISTICS
Processing object type SCHEMA_EXPORT/TABLE/STATISTICS/TABLE_STATISTICS
Processing object type SCHEMA_EXPORT/STATISTICS/MARKER
Processing object type SCHEMA_EXPORT/PRE_SCHEMA/PROCACT_SCHEMA
Processing object type SCHEMA_EXPORT/TABLE/TABLE
Processing object type SCHEMA_EXPORT/TABLE/COMMENT
Processing object type SCHEMA_EXPORT/TABLE/IDENTITY_COLUMN
Processing object type SCHEMA_EXPORT/TABLE/INDEX/INDEX
Processing object type SCHEMA_EXPORT/TABLE/CONSTRAINT/CONSTRAINT
. . exported "HAYA"."BUSINESS_CARD_INFORMATION"          9.546 KB       4 rows
Master table "HAYA"."SYS_EXPORT_SCHEMA_01" successfully loaded/unloaded
******************************************************************************
Dump file set for HAYA.SYS_EXPORT_SCHEMA_01 is:
  C:\DUMP\BUSINESS_CARD_DUMP.DMP
Job "HAYA"."SYS_EXPORT_SCHEMA_01" successfully completed at Tue Oct 15 12:12:17 2024 elapsed 0 00:00:30
